Warning[205] D:\USERS\ALUMNO\DESKTOP\BRUNO SASSCHETTI\TP1-TECNICASDIGITALESII.ASM 5 : Found directive in column 1. (list)
Warning[215] D:\USERS\ALUMNO\DESKTOP\BRUNO SASSCHETTI\TP1-TECNICASDIGITALESII.ASM 5 : Processor superseded by command line.  Verify processor symbol.
Message[301] C:\PROGRAM FILES (X86)\MICROCHIP\MPASM SUITE\P16F84A.INC 35 : MESSAGE: (Processor-header file mismatch.  Verify selected processor.)
Warning[205] D:\USERS\ALUMNO\DESKTOP\BRUNO SASSCHETTI\TP1-TECNICASDIGITALESII.ASM 17 : Found directive in column 1. (ORG)
Warning[203] D:\USERS\ALUMNO\DESKTOP\BRUNO SASSCHETTI\TP1-TECNICASDIGITALESII.ASM 18 : Found opcode in column 1. (goto)
Warning[205] D:\USERS\ALUMNO\DESKTOP\BRUNO SASSCHETTI\TP1-TECNICASDIGITALESII.ASM 19 : Found directive in column 1. (ORG)
Warning[203] D:\USERS\ALUMNO\DESKTOP\BRUNO SASSCHETTI\TP1-TECNICASDIGITALESII.ASM 20 : Found opcode in column 1. (goto)
Warning[205] D:\USERS\ALUMNO\DESKTOP\BRUNO SASSCHETTI\TP1-TECNICASDIGITALESII.ASM 24 : Found directive in column 1. (org)
Warning[203] D:\USERS\ALUMNO\DESKTOP\BRUNO SASSCHETTI\TP1-TECNICASDIGITALESII.ASM 26 : Found opcode in column 1. (movlw)
Warning[203] D:\USERS\ALUMNO\DESKTOP\BRUNO SASSCHETTI\TP1-TECNICASDIGITALESII.ASM 27 : Found opcode in column 1. (movwf)
Warning[203] D:\USERS\ALUMNO\DESKTOP\BRUNO SASSCHETTI\TP1-TECNICASDIGITALESII.ASM 28 : Found opcode in column 1. (movlw)
Warning[203] D:\USERS\ALUMNO\DESKTOP\BRUNO SASSCHETTI\TP1-TECNICASDIGITALESII.ASM 29 : Found opcode in column 1. (movwf)
Warning[203] D:\USERS\ALUMNO\DESKTOP\BRUNO SASSCHETTI\TP1-TECNICASDIGITALESII.ASM 30 : Found opcode in column 1. (movf)
Warning[203] D:\USERS\ALUMNO\DESKTOP\BRUNO SASSCHETTI\TP1-TECNICASDIGITALESII.ASM 31 : Found opcode in column 1. (movwf)
Warning[203] D:\USERS\ALUMNO\DESKTOP\BRUNO SASSCHETTI\TP1-TECNICASDIGITALESII.ASM 32 : Found opcode in column 1. (movf)
Warning[203] D:\USERS\ALUMNO\DESKTOP\BRUNO SASSCHETTI\TP1-TECNICASDIGITALESII.ASM 33 : Found opcode in column 1. (movwf)
Warning[203] D:\USERS\ALUMNO\DESKTOP\BRUNO SASSCHETTI\TP1-TECNICASDIGITALESII.ASM 35 : Found opcode in column 1. (movf)
Warning[203] D:\USERS\ALUMNO\DESKTOP\BRUNO SASSCHETTI\TP1-TECNICASDIGITALESII.ASM 36 : Found opcode in column 1. (movwf)
Warning[203] D:\USERS\ALUMNO\DESKTOP\BRUNO SASSCHETTI\TP1-TECNICASDIGITALESII.ASM 37 : Found opcode in column 1. (clrf)
Warning[203] D:\USERS\ALUMNO\DESKTOP\BRUNO SASSCHETTI\TP1-TECNICASDIGITALESII.ASM 39 : Found opcode in column 1. (goto)
Warning[205] D:\USERS\ALUMNO\DESKTOP\BRUNO SASSCHETTI\TP1-TECNICASDIGITALESII.ASM 40 : Found directive in column 1. (END)
