MPASM  5.35beta                TP1-EJERCICIO1.ASM   5-8-2018  2:08:48         PAGE  1


LOC  OBJECT CODE     LINE SOURCE TEXT
  VALUE

                      00001 ; Ejemplificación con variables:
                      00002 ; ------------------------------------------------------------------
                      00003 ; Encabezado
                      00004 ; ------------------------------------------------------------------
Warning[205]: Found directive in column 1. (list)
Warning[215]: Processor superseded by command line.  Verify processor symbol.
                      00005 list p=16f84a ; list directive to define processor
                      00006 #include <p16f84a.inc> ; processor specific variable definitions
                      00001         LIST
                      00002 ; P16F84A.INC  Standard Header File, Version 2.00    Microchip Technology, Inc.
Message[301]: MESSAGE: (Processor-header file mismatch.  Verify selected processor.)
                      00134         LIST
                      00007 ; ------------------------------------------------------------------
                      00008 ; Definición de Variables
                      00009 ; ------------------------------------------------------------------
                      00010 ; acá van las definiciones de las variables con su posición
  00000015            00011 primero equ 0x15
  00000020            00012 segundo equ 0x20
  00000021            00013 temp equ 0x21
                      00014 ; -------------------------------------------------------------------
                      00015 ; Vectores
                      00016 ; ------------------------------------------------------------------
Warning[205]: Found directive in column 1. (ORG)
0000                  00017 ORG 0x000 ; processor reset vector
Warning[203]: Found opcode in column 1. (goto)
0000   2807           00018 goto main ; go to beginning of program
Warning[205]: Found directive in column 1. (ORG)
0004                  00019 ORG 0x004 ; interrupt vector location
Warning[203]: Found opcode in column 1. (goto)
0004   2807           00020 goto main ;
                      00021 ; ============================================
                      00022 ; PROGRAMA PRINCIPAL
                      00023 ; ============================================
Warning[205]: Found directive in column 1. (org)
0007                  00024 org 0x007
0007                  00025 main
Warning[203]: Found opcode in column 1. (movlw)
0007   3010           00026 movlw 0x10
Warning[203]: Found opcode in column 1. (movwf)
0008   0095           00027 movwf primero ;cargo valor a primero
Warning[203]: Found opcode in column 1. (movlw)
0009   3020           00028 movlw 0x20
Warning[203]: Found opcode in column 1. (movwf)
000A   00A0           00029 movwf segundo ;cargo valor a segundo
Warning[203]: Found opcode in column 1. (movf)
000B   0815           00030 movf primero,0x00
Warning[203]: Found opcode in column 1. (movwf)
000C   00A1           00031 movwf temp
Warning[203]: Found opcode in column 1. (movf)
000D   0820           00032 movf segundo,0x00
Warning[203]: Found opcode in column 1. (movwf)
000E   0095           00033 movwf primero
Warning[203]: Found opcode in column 1. (movf)
MPASM  5.35beta                TP1-EJERCICIO1.ASM   5-8-2018  2:08:48         PAGE  2


LOC  OBJECT CODE     LINE SOURCE TEXT
  VALUE

000F   0821           00034 movf temp,0x00
Warning[203]: Found opcode in column 1. (movwf)
0010   00A0           00035 movwf segundo
Warning[203]: Found opcode in column 1. (clrf)
0011   01A1           00036 clrf temp
                      00037 ;**********************************************************************
Warning[203]: Found opcode in column 1. (goto)
0012   2812           00038 goto $
Warning[205]: Found directive in column 1. (END)
                      00039 END ; directive 'end of program'
MPASM  5.35beta                TP1-EJERCICIO1.ASM   5-8-2018  2:08:48         PAGE  3


SYMBOL TABLE
  LABEL                             VALUE 

C                                 00000000
DC                                00000001
EEADR                             00000009
EECON1                            00000088
EECON2                            00000089
EEDATA                            00000008
EEIE                              00000006
EEIF                              00000004
F                                 00000001
FSR                               00000004
GIE                               00000007
INDF                              00000000
INTCON                            0000000B
INTE                              00000004
INTEDG                            00000006
INTF                              00000001
IRP                               00000007
NOT_PD                            00000003
NOT_RBPU                          00000007
NOT_TO                            00000004
OPTION_REG                        00000081
PCL                               00000002
PCLATH                            0000000A
PORTA                             00000005
PORTB                             00000006
PS0                               00000000
PS1                               00000001
PS2                               00000002
PSA                               00000003
RBIE                              00000003
RBIF                              00000000
RD                                00000000
RP0                               00000005
RP1                               00000006
STATUS                            00000003
T0CS                              00000005
T0IE                              00000005
T0IF                              00000002
T0SE                              00000004
TMR0                              00000001
TRISA                             00000085
TRISB                             00000086
W                                 00000000
WR                                00000001
WREN                              00000002
WRERR                             00000003
Z                                 00000002
_CP_OFF                           00003FFF
_CP_ON                            0000000F
_HS_OSC                           00003FFE
_LP_OSC                           00003FFC
_PWRTE_OFF                        00003FFF
_PWRTE_ON                         00003FF7
MPASM  5.35beta                TP1-EJERCICIO1.ASM   5-8-2018  2:08:48         PAGE  4


SYMBOL TABLE
  LABEL                             VALUE 

_RC_OSC                           00003FFF
_WDT_OFF                          00003FFB
_WDT_ON                           00003FFF
_XT_OSC                           00003FFD
__16F84                           00000001
main                              00000007
primero                           00000015
segundo                           00000020
temp                              00000021


MEMORY USAGE MAP ('X' = Used,  '-' = Unused)

0000 : X---X--XXXXXXXXX XXX------------- ---------------- ----------------

All other memory blocks unused.

Program Memory Words Used:    14
Program Memory Words Free:  1010


Errors   :     0
Warnings :    20 reported,     0 suppressed
Messages :     1 reported,     0 suppressed

